<?xml version="1.0" encoding="UTF-8"?>
<testsuite xmlns:xsi="http://www.w3.org/2001/XMLSchema-instance" xsi:noNamespaceSchemaLocation="https://maven.apache.org/surefire/maven-surefire-plugin/xsd/surefire-test-report-3.0.xsd" version="3.0" name="com.eseict.processors.processor.MyProcessorTest" time="2.009" tests="1" errors="0" skipped="0" failures="0">
  <properties>
    <property name="sun.desktop" value="windows"/>
    <property name="awt.toolkit" value="sun.awt.windows.WToolkit"/>
    <property name="file.encoding.pkg" value="sun.io"/>
    <property name="java.specification.version" value="1.8"/>
    <property name="sun.cpu.isalist" value="amd64"/>
    <property name="sun.jnu.encoding" value="MS949"/>
    <property name="java.class.path" value="D:\02.STSWork\99.TEST\nifi_processor\customProcessor\nifi-processor-processors\target\test-classes;D:\02.STSWork\99.TEST\nifi_processor\customProcessor\nifi-processor-processors\target\classes;C:\Users\pc\.m2\repository\org\apache\nifi\nifi-api\1.15.0\nifi-api-1.15.0.jar;C:\Users\pc\.m2\repository\org\apache\nifi\nifi-utils\1.15.0\nifi-utils-1.15.0.jar;C:\Users\pc\.m2\repository\org\apache\nifi\nifi-record\1.15.0\nifi-record-1.15.0.jar;C:\Users\pc\.m2\repository\org\apache\nifi\nifi-record-serialization-services\1.15.0\nifi-record-serialization-services-1.15.0.jar;C:\Users\pc\.m2\repository\org\apache\nifi\nifi-avro-record-utils\1.15.0\nifi-avro-record-utils-1.15.0.jar;C:\Users\pc\.m2\repository\org\apache\nifi\nifi-standard-record-utils\1.15.0\nifi-standard-record-utils-1.15.0.jar;C:\Users\pc\.m2\repository\org\apache\nifi\nifi-security-socket-ssl\1.15.0\nifi-security-socket-ssl-1.15.0.jar;C:\Users\pc\.m2\repository\org\apache\nifi\nifi-syslog-utils\1.15.0\nifi-syslog-utils-1.15.0.jar;C:\Users\pc\.m2\repository\com\github\palindromicity\simple-syslog-5424\0.0.16\simple-syslog-5424-0.0.16.jar;C:\Users\pc\.m2\repository\org\antlr\antlr4-runtime\4.7.2\antlr4-runtime-4.7.2.jar;C:\Users\pc\.m2\repository\com\jayway\jsonpath\json-path\2.6.0\json-path-2.6.0.jar;C:\Users\pc\.m2\repository\net\minidev\json-smart\2.4.7\json-smart-2.4.7.jar;C:\Users\pc\.m2\repository\net\minidev\accessors-smart\2.4.7\accessors-smart-2.4.7.jar;C:\Users\pc\.m2\repository\org\ow2\asm\asm\9.1\asm-9.1.jar;C:\Users\pc\.m2\repository\com\fasterxml\jackson\core\jackson-databind\2.12.3\jackson-databind-2.12.3.jar;C:\Users\pc\.m2\repository\com\fasterxml\jackson\core\jackson-annotations\2.12.3\jackson-annotations-2.12.3.jar;C:\Users\pc\.m2\repository\com\fasterxml\jackson\core\jackson-core\2.12.3\jackson-core-2.12.3.jar;C:\Users\pc\.m2\repository\org\apache\commons\commons-csv\1.8\commons-csv-1.8.jar;C:\Users\pc\.m2\repository\com\fasterxml\jackson\dataformat\jackson-dataformat-csv\2.12.3\jackson-dataformat-csv-2.12.3.jar;C:\Users\pc\.m2\repository\commons-io\commons-io\2.10.0\commons-io-2.10.0.jar;C:\Users\pc\.m2\repository\io\krakens\java-grok\0.1.9\java-grok-0.1.9.jar;C:\Users\pc\.m2\repository\org\apache\commons\commons-lang3\3.7\commons-lang3-3.7.jar;C:\Users\pc\.m2\repository\org\apache\avro\avro\1.8.1\avro-1.8.1.jar;C:\Users\pc\.m2\repository\org\codehaus\jackson\jackson-core-asl\1.9.13\jackson-core-asl-1.9.13.jar;C:\Users\pc\.m2\repository\org\codehaus\jackson\jackson-mapper-asl\1.9.13\jackson-mapper-asl-1.9.13.jar;C:\Users\pc\.m2\repository\com\thoughtworks\paranamer\paranamer\2.7\paranamer-2.7.jar;C:\Users\pc\.m2\repository\org\xerial\snappy\snappy-java\1.1.1.3\snappy-java-1.1.1.3.jar;C:\Users\pc\.m2\repository\org\apache\commons\commons-compress\1.8.1\commons-compress-1.8.1.jar;C:\Users\pc\.m2\repository\org\tukaani\xz\1.5\xz-1.5.jar;C:\Users\pc\.m2\repository\net\java\dev\stax-utils\stax-utils\20070216\stax-utils-20070216.jar;C:\Users\pc\.m2\repository\org\apache\commons\commons-text\1.8\commons-text-1.8.jar;C:\Users\pc\.m2\repository\com\github\ben-manes\caffeine\caffeine\2.8.1\caffeine-2.8.1.jar;C:\Users\pc\.m2\repository\org\checkerframework\checker-qual\3.1.0\checker-qual-3.1.0.jar;C:\Users\pc\.m2\repository\com\google\errorprone\error_prone_annotations\2.3.4\error_prone_annotations-2.3.4.jar;C:\Users\pc\.m2\repository\com\google\guava\guava\27.0.1-jre\guava-27.0.1-jre.jar;C:\Users\pc\.m2\repository\com\google\guava\failureaccess\1.0.1\failureaccess-1.0.1.jar;C:\Users\pc\.m2\repository\com\google\guava\listenablefuture\9999.0-empty-to-avoid-conflict-with-guava\listenablefuture-9999.0-empty-to-avoid-conflict-with-guava.jar;C:\Users\pc\.m2\repository\com\google\code\findbugs\jsr305\3.0.2\jsr305-3.0.2.jar;C:\Users\pc\.m2\repository\com\google\j2objc\j2objc-annotations\1.1\j2objc-annotations-1.1.jar;C:\Users\pc\.m2\repository\org\codehaus\mojo\animal-sniffer-annotations\1.17\animal-sniffer-annotations-1.17.jar;C:\Users\pc\.m2\repository\org\apache\nifi\nifi-record-serialization-service-api\1.15.0\nifi-record-serialization-service-api-1.15.0.jar;C:\Users\pc\.m2\repository\com\google\code\gson\gson\2.8.9\gson-2.8.9.jar;C:\Users\pc\.m2\repository\org\apache\nifi\nifi-mock\1.15.0\nifi-mock-1.15.0.jar;C:\Users\pc\.m2\repository\org\apache\nifi\nifi-framework-api\1.15.0\nifi-framework-api-1.15.0.jar;C:\Users\pc\.m2\repository\org\apache\nifi\nifi-parameter\1.15.0\nifi-parameter-1.15.0.jar;C:\Users\pc\.m2\repository\org\apache\nifi\nifi-framework-core-api\1.15.0\nifi-framework-core-api-1.15.0.jar;C:\Users\pc\.m2\repository\org\apache\nifi\nifi-framework-nar-utils\1.15.0\nifi-framework-nar-utils-1.15.0.jar;C:\Users\pc\.m2\repository\org\apache\nifi\nifi-client-dto\1.15.0\nifi-client-dto-1.15.0.jar;C:\Users\pc\.m2\repository\io\swagger\swagger-annotations\1.6.0\swagger-annotations-1.6.0.jar;C:\Users\pc\.m2\repository\org\apache\nifi\nifi-site-to-site-client\1.15.0\nifi-site-to-site-client-1.15.0.jar;C:\Users\pc\.m2\repository\org\apache\nifi\nifi-security-utils\1.15.0\nifi-security-utils-1.15.0.jar;C:\Users\pc\.m2\repository\org\apache\nifi\nifi-security-utils-api\1.15.0\nifi-security-utils-api-1.15.0.jar;C:\Users\pc\.m2\repository\org\apache\nifi\nifi-security-kms\1.15.0\nifi-security-kms-1.15.0.jar;C:\Users\pc\.m2\repository\org\bouncycastle\bcprov-jdk15on\1.69\bcprov-jdk15on-1.69.jar;C:\Users\pc\.m2\repository\org\bouncycastle\bcpkix-jdk15on\1.69\bcpkix-jdk15on-1.69.jar;C:\Users\pc\.m2\repository\org\bouncycastle\bcutil-jdk15on\1.69\bcutil-jdk15on-1.69.jar;C:\Users\pc\.m2\repository\org\apache\nifi\nifi-properties\1.15.0\nifi-properties-1.15.0.jar;C:\Users\pc\.m2\repository\org\apache\nifi\nifi-property-utils\1.15.0\nifi-property-utils-1.15.0.jar;C:\Users\pc\.m2\repository\at\favre\lib\bcrypt\0.9.0\bcrypt-0.9.0.jar;C:\Users\pc\.m2\repository\at\favre\lib\bytes\1.3.0\bytes-1.3.0.jar;C:\Users\pc\.m2\repository\org\apache\commons\commons-configuration2\2.7\commons-configuration2-2.7.jar;C:\Users\pc\.m2\repository\org\apache\httpcomponents\httpclient\4.5.5\httpclient-4.5.5.jar;C:\Users\pc\.m2\repository\org\apache\httpcomponents\httpcore\4.4.9\httpcore-4.4.9.jar;C:\Users\pc\.m2\repository\org\apache\httpcomponents\httpasyncclient\4.1.4\httpasyncclient-4.1.4.jar;C:\Users\pc\.m2\repository\org\apache\httpcomponents\httpcore-nio\4.4.10\httpcore-nio-4.4.10.jar;C:\Users\pc\.m2\repository\org\apache\nifi\nifi-framework-authorization\1.15.0\nifi-framework-authorization-1.15.0.jar;C:\Users\pc\.m2\repository\org\apache\nifi\registry\nifi-registry-data-model\1.15.0\nifi-registry-data-model-1.15.0.jar;C:\Users\pc\.m2\repository\javax\validation\validation-api\2.0.1.Final\validation-api-2.0.1.Final.jar;C:\Users\pc\.m2\repository\javax\ws\rs\javax.ws.rs-api\2.1\javax.ws.rs-api-2.1.jar;C:\Users\pc\.m2\repository\org\apache\nifi\registry\nifi-registry-revision-entity-model\1.15.0\nifi-registry-revision-entity-model-1.15.0.jar;C:\Users\pc\.m2\repository\org\apache\nifi\registry\nifi-registry-client\1.15.0\nifi-registry-client-1.15.0.jar;C:\Users\pc\.m2\repository\org\apache\nifi\registry\nifi-registry-security-utils\1.15.0\nifi-registry-security-utils-1.15.0.jar;C:\Users\pc\.m2\repository\org\glassfish\jersey\core\jersey-client\2.33\jersey-client-2.33.jar;C:\Users\pc\.m2\repository\jakarta\ws\rs\jakarta.ws.rs-api\2.1.6\jakarta.ws.rs-api-2.1.6.jar;C:\Users\pc\.m2\repository\org\glassfish\hk2\external\jakarta.inject\2.6.1\jakarta.inject-2.6.1.jar;C:\Users\pc\.m2\repository\org\glassfish\jersey\media\jersey-media-json-jackson\2.33\jersey-media-json-jackson-2.33.jar;C:\Users\pc\.m2\repository\org\glassfish\jersey\ext\jersey-entity-filtering\2.33\jersey-entity-filtering-2.33.jar;C:\Users\pc\.m2\repository\com\fasterxml\jackson\module\jackson-module-jaxb-annotations\2.11.3\jackson-module-jaxb-annotations-2.11.3.jar;C:\Users\pc\.m2\repository\jakarta\xml\bind\jakarta.xml.bind-api\2.3.2\jakarta.xml.bind-api-2.3.2.jar;C:\Users\pc\.m2\repository\jakarta\activation\jakarta.activation-api\1.2.1\jakarta.activation-api-1.2.1.jar;C:\Users\pc\.m2\repository\org\glassfish\jersey\inject\jersey-hk2\2.33\jersey-hk2-2.33.jar;C:\Users\pc\.m2\repository\org\glassfish\hk2\hk2-locator\2.6.1\hk2-locator-2.6.1.jar;C:\Users\pc\.m2\repository\org\glassfish\hk2\external\aopalliance-repackaged\2.6.1\aopalliance-repackaged-2.6.1.jar;C:\Users\pc\.m2\repository\org\glassfish\hk2\hk2-api\2.6.1\hk2-api-2.6.1.jar;C:\Users\pc\.m2\repository\org\glassfish\hk2\hk2-utils\2.6.1\hk2-utils-2.6.1.jar;C:\Users\pc\.m2\repository\org\javassist\javassist\3.25.0-GA\javassist-3.25.0-GA.jar;C:\Users\pc\.m2\repository\org\glassfish\jersey\core\jersey-common\2.33\jersey-common-2.33.jar;C:\Users\pc\.m2\repository\jakarta\annotation\jakarta.annotation-api\1.3.5\jakarta.annotation-api-1.3.5.jar;C:\Users\pc\.m2\repository\org\glassfish\hk2\osgi-resource-locator\1.0.3\osgi-resource-locator-1.0.3.jar;C:\Users\pc\.m2\repository\org\glassfish\jersey\media\jersey-media-multipart\2.33\jersey-media-multipart-2.33.jar;C:\Users\pc\.m2\repository\org\jvnet\mimepull\mimepull\1.9.13\mimepull-1.9.13.jar;C:\Users\pc\.m2\repository\org\apache\nifi\nifi-expression-language\1.15.0\nifi-expression-language-1.15.0.jar;C:\Users\pc\.m2\repository\org\antlr\antlr-runtime\3.5.2\antlr-runtime-3.5.2.jar;C:\Users\pc\.m2\repository\org\apache\nifi\nifi-uuid5\1.15.0\nifi-uuid5-1.15.0.jar;C:\Users\pc\.m2\repository\commons-codec\commons-codec\1.14\commons-codec-1.14.jar;C:\Users\pc\.m2\repository\org\apache\nifi\nifi-data-provenance-utils\1.15.0\nifi-data-provenance-utils-1.15.0.jar;C:\Users\pc\.m2\repository\org\slf4j\slf4j-simple\1.7.32\slf4j-simple-1.7.32.jar;C:\Users\pc\.m2\repository\org\slf4j\slf4j-api\1.7.32\slf4j-api-1.7.32.jar;C:\Users\pc\.m2\repository\junit\junit\4.13.2\junit-4.13.2.jar;C:\Users\pc\.m2\repository\org\hamcrest\hamcrest-core\1.3\hamcrest-core-1.3.jar;C:\Users\pc\.m2\repository\org\junit\jupiter\junit-jupiter-api\5.7.2\junit-jupiter-api-5.7.2.jar;C:\Users\pc\.m2\repository\org\apiguardian\apiguardian-api\1.1.0\apiguardian-api-1.1.0.jar;C:\Users\pc\.m2\repository\org\opentest4j\opentest4j\1.2.0\opentest4j-1.2.0.jar;C:\Users\pc\.m2\repository\org\junit\platform\junit-platform-commons\1.7.2\junit-platform-commons-1.7.2.jar;C:\Users\pc\.m2\repository\org\junit\jupiter\junit-jupiter-engine\5.7.2\junit-jupiter-engine-5.7.2.jar;C:\Users\pc\.m2\repository\org\junit\platform\junit-platform-engine\1.7.2\junit-platform-engine-1.7.2.jar;C:\Users\pc\.m2\repository\org\junit\vintage\junit-vintage-engine\5.7.2\junit-vintage-engine-5.7.2.jar;C:\Users\pc\.m2\repository\org\mockito\mockito-core\3.11.2\mockito-core-3.11.2.jar;C:\Users\pc\.m2\repository\net\bytebuddy\byte-buddy\1.11.3\byte-buddy-1.11.3.jar;C:\Users\pc\.m2\repository\net\bytebuddy\byte-buddy-agent\1.11.3\byte-buddy-agent-1.11.3.jar;C:\Users\pc\.m2\repository\org\objenesis\objenesis\3.2\objenesis-3.2.jar;C:\Users\pc\.m2\repository\org\mockito\mockito-junit-jupiter\3.11.2\mockito-junit-jupiter-3.11.2.jar;C:\Users\pc\.m2\repository\org\codehaus\groovy\groovy-test\2.5.14\groovy-test-2.5.14.jar;C:\Users\pc\.m2\repository\org\codehaus\groovy\groovy\2.5.14\groovy-2.5.14.jar;"/>
    <property name="java.vm.vendor" value="Oracle Corporation"/>
    <property name="sun.arch.data.model" value="64"/>
    <property name="user.variant" value=""/>
    <property name="java.vendor.url" value="http://java.oracle.com/"/>
    <property name="user.timezone" value="Asia/Seoul"/>
    <property name="java.vm.specification.version" value="1.8"/>
    <property name="os.name" value="Windows 10"/>
    <property name="user.country" value="KR"/>
    <property name="sun.java.launcher" value="SUN_STANDARD"/>
    <property name="sun.boot.library.path" value="C:\Program Files\Java\jdk1.8.0_171\jre\bin"/>
    <property name="sun.java.command" value="C:\Users\pc\AppData\Local\Temp\surefire7352884979113575319\surefirebooter7221265974260706216.jar C:\Users\pc\AppData\Local\Temp\surefire7352884979113575319 2021-12-22T18-10-13_765-jvmRun1 surefire2062987917904537062tmp surefire_01461420794468543300tmp"/>
    <property name="surefire.test.class.path" value="D:\02.STSWork\99.TEST\nifi_processor\customProcessor\nifi-processor-processors\target\test-classes;D:\02.STSWork\99.TEST\nifi_processor\customProcessor\nifi-processor-processors\target\classes;C:\Users\pc\.m2\repository\org\apache\nifi\nifi-api\1.15.0\nifi-api-1.15.0.jar;C:\Users\pc\.m2\repository\org\apache\nifi\nifi-utils\1.15.0\nifi-utils-1.15.0.jar;C:\Users\pc\.m2\repository\org\apache\nifi\nifi-record\1.15.0\nifi-record-1.15.0.jar;C:\Users\pc\.m2\repository\org\apache\nifi\nifi-record-serialization-services\1.15.0\nifi-record-serialization-services-1.15.0.jar;C:\Users\pc\.m2\repository\org\apache\nifi\nifi-avro-record-utils\1.15.0\nifi-avro-record-utils-1.15.0.jar;C:\Users\pc\.m2\repository\org\apache\nifi\nifi-standard-record-utils\1.15.0\nifi-standard-record-utils-1.15.0.jar;C:\Users\pc\.m2\repository\org\apache\nifi\nifi-security-socket-ssl\1.15.0\nifi-security-socket-ssl-1.15.0.jar;C:\Users\pc\.m2\repository\org\apache\nifi\nifi-syslog-utils\1.15.0\nifi-syslog-utils-1.15.0.jar;C:\Users\pc\.m2\repository\com\github\palindromicity\simple-syslog-5424\0.0.16\simple-syslog-5424-0.0.16.jar;C:\Users\pc\.m2\repository\org\antlr\antlr4-runtime\4.7.2\antlr4-runtime-4.7.2.jar;C:\Users\pc\.m2\repository\com\jayway\jsonpath\json-path\2.6.0\json-path-2.6.0.jar;C:\Users\pc\.m2\repository\net\minidev\json-smart\2.4.7\json-smart-2.4.7.jar;C:\Users\pc\.m2\repository\net\minidev\accessors-smart\2.4.7\accessors-smart-2.4.7.jar;C:\Users\pc\.m2\repository\org\ow2\asm\asm\9.1\asm-9.1.jar;C:\Users\pc\.m2\repository\com\fasterxml\jackson\core\jackson-databind\2.12.3\jackson-databind-2.12.3.jar;C:\Users\pc\.m2\repository\com\fasterxml\jackson\core\jackson-annotations\2.12.3\jackson-annotations-2.12.3.jar;C:\Users\pc\.m2\repository\com\fasterxml\jackson\core\jackson-core\2.12.3\jackson-core-2.12.3.jar;C:\Users\pc\.m2\repository\org\apache\commons\commons-csv\1.8\commons-csv-1.8.jar;C:\Users\pc\.m2\repository\com\fasterxml\jackson\dataformat\jackson-dataformat-csv\2.12.3\jackson-dataformat-csv-2.12.3.jar;C:\Users\pc\.m2\repository\commons-io\commons-io\2.10.0\commons-io-2.10.0.jar;C:\Users\pc\.m2\repository\io\krakens\java-grok\0.1.9\java-grok-0.1.9.jar;C:\Users\pc\.m2\repository\org\apache\commons\commons-lang3\3.7\commons-lang3-3.7.jar;C:\Users\pc\.m2\repository\org\apache\avro\avro\1.8.1\avro-1.8.1.jar;C:\Users\pc\.m2\repository\org\codehaus\jackson\jackson-core-asl\1.9.13\jackson-core-asl-1.9.13.jar;C:\Users\pc\.m2\repository\org\codehaus\jackson\jackson-mapper-asl\1.9.13\jackson-mapper-asl-1.9.13.jar;C:\Users\pc\.m2\repository\com\thoughtworks\paranamer\paranamer\2.7\paranamer-2.7.jar;C:\Users\pc\.m2\repository\org\xerial\snappy\snappy-java\1.1.1.3\snappy-java-1.1.1.3.jar;C:\Users\pc\.m2\repository\org\apache\commons\commons-compress\1.8.1\commons-compress-1.8.1.jar;C:\Users\pc\.m2\repository\org\tukaani\xz\1.5\xz-1.5.jar;C:\Users\pc\.m2\repository\net\java\dev\stax-utils\stax-utils\20070216\stax-utils-20070216.jar;C:\Users\pc\.m2\repository\org\apache\commons\commons-text\1.8\commons-text-1.8.jar;C:\Users\pc\.m2\repository\com\github\ben-manes\caffeine\caffeine\2.8.1\caffeine-2.8.1.jar;C:\Users\pc\.m2\repository\org\checkerframework\checker-qual\3.1.0\checker-qual-3.1.0.jar;C:\Users\pc\.m2\repository\com\google\errorprone\error_prone_annotations\2.3.4\error_prone_annotations-2.3.4.jar;C:\Users\pc\.m2\repository\com\google\guava\guava\27.0.1-jre\guava-27.0.1-jre.jar;C:\Users\pc\.m2\repository\com\google\guava\failureaccess\1.0.1\failureaccess-1.0.1.jar;C:\Users\pc\.m2\repository\com\google\guava\listenablefuture\9999.0-empty-to-avoid-conflict-with-guava\listenablefuture-9999.0-empty-to-avoid-conflict-with-guava.jar;C:\Users\pc\.m2\repository\com\google\code\findbugs\jsr305\3.0.2\jsr305-3.0.2.jar;C:\Users\pc\.m2\repository\com\google\j2objc\j2objc-annotations\1.1\j2objc-annotations-1.1.jar;C:\Users\pc\.m2\repository\org\codehaus\mojo\animal-sniffer-annotations\1.17\animal-sniffer-annotations-1.17.jar;C:\Users\pc\.m2\repository\org\apache\nifi\nifi-record-serialization-service-api\1.15.0\nifi-record-serialization-service-api-1.15.0.jar;C:\Users\pc\.m2\repository\com\google\code\gson\gson\2.8.9\gson-2.8.9.jar;C:\Users\pc\.m2\repository\org\apache\nifi\nifi-mock\1.15.0\nifi-mock-1.15.0.jar;C:\Users\pc\.m2\repository\org\apache\nifi\nifi-framework-api\1.15.0\nifi-framework-api-1.15.0.jar;C:\Users\pc\.m2\repository\org\apache\nifi\nifi-parameter\1.15.0\nifi-parameter-1.15.0.jar;C:\Users\pc\.m2\repository\org\apache\nifi\nifi-framework-core-api\1.15.0\nifi-framework-core-api-1.15.0.jar;C:\Users\pc\.m2\repository\org\apache\nifi\nifi-framework-nar-utils\1.15.0\nifi-framework-nar-utils-1.15.0.jar;C:\Users\pc\.m2\repository\org\apache\nifi\nifi-client-dto\1.15.0\nifi-client-dto-1.15.0.jar;C:\Users\pc\.m2\repository\io\swagger\swagger-annotations\1.6.0\swagger-annotations-1.6.0.jar;C:\Users\pc\.m2\repository\org\apache\nifi\nifi-site-to-site-client\1.15.0\nifi-site-to-site-client-1.15.0.jar;C:\Users\pc\.m2\repository\org\apache\nifi\nifi-security-utils\1.15.0\nifi-security-utils-1.15.0.jar;C:\Users\pc\.m2\repository\org\apache\nifi\nifi-security-utils-api\1.15.0\nifi-security-utils-api-1.15.0.jar;C:\Users\pc\.m2\repository\org\apache\nifi\nifi-security-kms\1.15.0\nifi-security-kms-1.15.0.jar;C:\Users\pc\.m2\repository\org\bouncycastle\bcprov-jdk15on\1.69\bcprov-jdk15on-1.69.jar;C:\Users\pc\.m2\repository\org\bouncycastle\bcpkix-jdk15on\1.69\bcpkix-jdk15on-1.69.jar;C:\Users\pc\.m2\repository\org\bouncycastle\bcutil-jdk15on\1.69\bcutil-jdk15on-1.69.jar;C:\Users\pc\.m2\repository\org\apache\nifi\nifi-properties\1.15.0\nifi-properties-1.15.0.jar;C:\Users\pc\.m2\repository\org\apache\nifi\nifi-property-utils\1.15.0\nifi-property-utils-1.15.0.jar;C:\Users\pc\.m2\repository\at\favre\lib\bcrypt\0.9.0\bcrypt-0.9.0.jar;C:\Users\pc\.m2\repository\at\favre\lib\bytes\1.3.0\bytes-1.3.0.jar;C:\Users\pc\.m2\repository\org\apache\commons\commons-configuration2\2.7\commons-configuration2-2.7.jar;C:\Users\pc\.m2\repository\org\apache\httpcomponents\httpclient\4.5.5\httpclient-4.5.5.jar;C:\Users\pc\.m2\repository\org\apache\httpcomponents\httpcore\4.4.9\httpcore-4.4.9.jar;C:\Users\pc\.m2\repository\org\apache\httpcomponents\httpasyncclient\4.1.4\httpasyncclient-4.1.4.jar;C:\Users\pc\.m2\repository\org\apache\httpcomponents\httpcore-nio\4.4.10\httpcore-nio-4.4.10.jar;C:\Users\pc\.m2\repository\org\apache\nifi\nifi-framework-authorization\1.15.0\nifi-framework-authorization-1.15.0.jar;C:\Users\pc\.m2\repository\org\apache\nifi\registry\nifi-registry-data-model\1.15.0\nifi-registry-data-model-1.15.0.jar;C:\Users\pc\.m2\repository\javax\validation\validation-api\2.0.1.Final\validation-api-2.0.1.Final.jar;C:\Users\pc\.m2\repository\javax\ws\rs\javax.ws.rs-api\2.1\javax.ws.rs-api-2.1.jar;C:\Users\pc\.m2\repository\org\apache\nifi\registry\nifi-registry-revision-entity-model\1.15.0\nifi-registry-revision-entity-model-1.15.0.jar;C:\Users\pc\.m2\repository\org\apache\nifi\registry\nifi-registry-client\1.15.0\nifi-registry-client-1.15.0.jar;C:\Users\pc\.m2\repository\org\apache\nifi\registry\nifi-registry-security-utils\1.15.0\nifi-registry-security-utils-1.15.0.jar;C:\Users\pc\.m2\repository\org\glassfish\jersey\core\jersey-client\2.33\jersey-client-2.33.jar;C:\Users\pc\.m2\repository\jakarta\ws\rs\jakarta.ws.rs-api\2.1.6\jakarta.ws.rs-api-2.1.6.jar;C:\Users\pc\.m2\repository\org\glassfish\hk2\external\jakarta.inject\2.6.1\jakarta.inject-2.6.1.jar;C:\Users\pc\.m2\repository\org\glassfish\jersey\media\jersey-media-json-jackson\2.33\jersey-media-json-jackson-2.33.jar;C:\Users\pc\.m2\repository\org\glassfish\jersey\ext\jersey-entity-filtering\2.33\jersey-entity-filtering-2.33.jar;C:\Users\pc\.m2\repository\com\fasterxml\jackson\module\jackson-module-jaxb-annotations\2.11.3\jackson-module-jaxb-annotations-2.11.3.jar;C:\Users\pc\.m2\repository\jakarta\xml\bind\jakarta.xml.bind-api\2.3.2\jakarta.xml.bind-api-2.3.2.jar;C:\Users\pc\.m2\repository\jakarta\activation\jakarta.activation-api\1.2.1\jakarta.activation-api-1.2.1.jar;C:\Users\pc\.m2\repository\org\glassfish\jersey\inject\jersey-hk2\2.33\jersey-hk2-2.33.jar;C:\Users\pc\.m2\repository\org\glassfish\hk2\hk2-locator\2.6.1\hk2-locator-2.6.1.jar;C:\Users\pc\.m2\repository\org\glassfish\hk2\external\aopalliance-repackaged\2.6.1\aopalliance-repackaged-2.6.1.jar;C:\Users\pc\.m2\repository\org\glassfish\hk2\hk2-api\2.6.1\hk2-api-2.6.1.jar;C:\Users\pc\.m2\repository\org\glassfish\hk2\hk2-utils\2.6.1\hk2-utils-2.6.1.jar;C:\Users\pc\.m2\repository\org\javassist\javassist\3.25.0-GA\javassist-3.25.0-GA.jar;C:\Users\pc\.m2\repository\org\glassfish\jersey\core\jersey-common\2.33\jersey-common-2.33.jar;C:\Users\pc\.m2\repository\jakarta\annotation\jakarta.annotation-api\1.3.5\jakarta.annotation-api-1.3.5.jar;C:\Users\pc\.m2\repository\org\glassfish\hk2\osgi-resource-locator\1.0.3\osgi-resource-locator-1.0.3.jar;C:\Users\pc\.m2\repository\org\glassfish\jersey\media\jersey-media-multipart\2.33\jersey-media-multipart-2.33.jar;C:\Users\pc\.m2\repository\org\jvnet\mimepull\mimepull\1.9.13\mimepull-1.9.13.jar;C:\Users\pc\.m2\repository\org\apache\nifi\nifi-expression-language\1.15.0\nifi-expression-language-1.15.0.jar;C:\Users\pc\.m2\repository\org\antlr\antlr-runtime\3.5.2\antlr-runtime-3.5.2.jar;C:\Users\pc\.m2\repository\org\apache\nifi\nifi-uuid5\1.15.0\nifi-uuid5-1.15.0.jar;C:\Users\pc\.m2\repository\commons-codec\commons-codec\1.14\commons-codec-1.14.jar;C:\Users\pc\.m2\repository\org\apache\nifi\nifi-data-provenance-utils\1.15.0\nifi-data-provenance-utils-1.15.0.jar;C:\Users\pc\.m2\repository\org\slf4j\slf4j-simple\1.7.32\slf4j-simple-1.7.32.jar;C:\Users\pc\.m2\repository\org\slf4j\slf4j-api\1.7.32\slf4j-api-1.7.32.jar;C:\Users\pc\.m2\repository\junit\junit\4.13.2\junit-4.13.2.jar;C:\Users\pc\.m2\repository\org\hamcrest\hamcrest-core\1.3\hamcrest-core-1.3.jar;C:\Users\pc\.m2\repository\org\junit\jupiter\junit-jupiter-api\5.7.2\junit-jupiter-api-5.7.2.jar;C:\Users\pc\.m2\repository\org\apiguardian\apiguardian-api\1.1.0\apiguardian-api-1.1.0.jar;C:\Users\pc\.m2\repository\org\opentest4j\opentest4j\1.2.0\opentest4j-1.2.0.jar;C:\Users\pc\.m2\repository\org\junit\platform\junit-platform-commons\1.7.2\junit-platform-commons-1.7.2.jar;C:\Users\pc\.m2\repository\org\junit\jupiter\junit-jupiter-engine\5.7.2\junit-jupiter-engine-5.7.2.jar;C:\Users\pc\.m2\repository\org\junit\platform\junit-platform-engine\1.7.2\junit-platform-engine-1.7.2.jar;C:\Users\pc\.m2\repository\org\junit\vintage\junit-vintage-engine\5.7.2\junit-vintage-engine-5.7.2.jar;C:\Users\pc\.m2\repository\org\mockito\mockito-core\3.11.2\mockito-core-3.11.2.jar;C:\Users\pc\.m2\repository\net\bytebuddy\byte-buddy\1.11.3\byte-buddy-1.11.3.jar;C:\Users\pc\.m2\repository\net\bytebuddy\byte-buddy-agent\1.11.3\byte-buddy-agent-1.11.3.jar;C:\Users\pc\.m2\repository\org\objenesis\objenesis\3.2\objenesis-3.2.jar;C:\Users\pc\.m2\repository\org\mockito\mockito-junit-jupiter\3.11.2\mockito-junit-jupiter-3.11.2.jar;C:\Users\pc\.m2\repository\org\codehaus\groovy\groovy-test\2.5.14\groovy-test-2.5.14.jar;C:\Users\pc\.m2\repository\org\codehaus\groovy\groovy\2.5.14\groovy-2.5.14.jar;"/>
    <property name="sun.cpu.endian" value="little"/>
    <property name="user.home" value="C:\Users\pc"/>
    <property name="user.language" value="ko"/>
    <property name="java.specification.vendor" value="Oracle Corporation"/>
    <property name="java.home" value="C:\Program Files\Java\jdk1.8.0_171\jre"/>
    <property name="basedir" value="D:\02.STSWork\99.TEST\nifi_processor\customProcessor\nifi-processor-processors"/>
    <property name="file.separator" value="\"/>
    <property name="line.separator" value="&#10;"/>
    <property name="java.vm.specification.vendor" value="Oracle Corporation"/>
    <property name="java.specification.name" value="Java Platform API Specification"/>
    <property name="java.awt.graphicsenv" value="sun.awt.Win32GraphicsEnvironment"/>
    <property name="java.awt.headless" value="true"/>
    <property name="surefire.real.class.path" value="C:\Users\pc\AppData\Local\Temp\surefire7352884979113575319\surefirebooter7221265974260706216.jar"/>
    <property name="sun.boot.class.path" value="C:\Program Files\Java\jdk1.8.0_171\jre\lib\resources.jar;C:\Program Files\Java\jdk1.8.0_171\jre\lib\rt.jar;C:\Program Files\Java\jdk1.8.0_171\jre\lib\sunrsasign.jar;C:\Program Files\Java\jdk1.8.0_171\jre\lib\jsse.jar;C:\Program Files\Java\jdk1.8.0_171\jre\lib\jce.jar;C:\Program Files\Java\jdk1.8.0_171\jre\lib\charsets.jar;C:\Program Files\Java\jdk1.8.0_171\jre\lib\jfr.jar;C:\Program Files\Java\jdk1.8.0_171\jre\classes"/>
    <property name="user.script" value=""/>
    <property name="sun.management.compiler" value="HotSpot 64-Bit Tiered Compilers"/>
    <property name="java.runtime.version" value="1.8.0_171-b11"/>
    <property name="java.net.preferIPv4Stack" value="true"/>
    <property name="user.name" value="pc"/>
    <property name="path.separator" value=";"/>
    <property name="os.version" value="10.0"/>
    <property name="java.endorsed.dirs" value="C:\Program Files\Java\jdk1.8.0_171\jre\lib\endorsed"/>
    <property name="java.runtime.name" value="Java(TM) SE Runtime Environment"/>
    <property name="file.encoding" value="UTF-8"/>
    <property name="java.vm.name" value="Java HotSpot(TM) 64-Bit Server VM"/>
    <property name="localRepository" value="C:\Users\pc\.m2\repository"/>
    <property name="java.vendor.url.bug" value="http://bugreport.sun.com/bugreport/"/>
    <property name="java.io.tmpdir" value="C:\Users\pc\AppData\Local\Temp\"/>
    <property name="idea.version" value="2020.2.3"/>
    <property name="java.version" value="1.8.0_171"/>
    <property name="user.dir" value="D:\02.STSWork\99.TEST\nifi_processor\customProcessor\nifi-processor-processors"/>
    <property name="os.arch" value="amd64"/>
    <property name="java.vm.specification.name" value="Java Virtual Machine Specification"/>
    <property name="java.awt.printerjob" value="sun.awt.windows.WPrinterJob"/>
    <property name="sun.os.patch.level" value=""/>
    <property name="java.library.path" value="C:\Program Files\Java\jdk1.8.0_171\jre\bin;C:\WINDOWS\Sun\Java\bin;C:\WINDOWS\system32;C:\WINDOWS;C:\WINDOWS\system32;C:\WINDOWS;C:\WINDOWS\System32\Wbem;C:\WINDOWS\System32\WindowsPowerShell\v1.0\;C:\Users\pc\AppData\Roaming\nvm;C:\Program Files\nodejs;C:\Program Files\Java\jdk1.8.0_151\bin;C:\WINDOWS\System32\OpenSSH\;C:\cygwin64\bin;D:\titan\install\bin;C:\Program Files\Microsoft VS Code\bin;C:\Users\pc\.dnx\bin;C:\Program Files\Microsoft DNX\Dnvm\;C:\Program Files\Microsoft SQL Server\130\Tools\Binn\;C:\Program Files (x86)\Windows Kits\8.1\Windows Performance Toolkit\;D:\99.tool\swigwin-4.0.2;C:\Program Files\Git\cmd;C:\Program Files\Common Files\Video Management System\Ipint.DriverPack\3.0.0\;C:\Users\pc\AppData\Local\Programs\Python\Python38-32\Scripts\;C:\Users\pc\AppData\Local\Programs\Python\Python38-32\;C:\Users\pc\AppData\Local\Microsoft\WindowsApps;C:\Program Files\Microsoft VS Code\bin;C:\Program Files\Bandizip\;C:\Users\pc\AppData\Roaming\nvm;C:\Program Files\nodejs;D:\99.tool\apache-maven-3.5.3\bin;;C:\Program Files\JetBrains\IntelliJ IDEA 2020.2.3\bin;;."/>
    <property name="java.vm.info" value="mixed mode"/>
    <property name="java.vendor" value="Oracle Corporation"/>
    <property name="java.vm.version" value="25.171-b11"/>
    <property name="java.ext.dirs" value="C:\Program Files\Java\jdk1.8.0_171\jre\lib\ext;C:\WINDOWS\Sun\Java\lib\ext"/>
    <property name="sun.io.unicode.encoding" value="UnicodeLittle"/>
    <property name="java.class.version" value="52.0"/>
  </properties>
  <testcase name="testProcessor" classname="com.eseict.processors.processor.MyProcessorTest" time="1.996"/>
</testsuite>